<?xml version="1.0" encoding="UTF-8"?>
<testsuite xmlns:xsi="http://www.w3.org/2001/XMLSchema-instance" xsi:noNamespaceSchemaLocation="https://maven.apache.org/surefire/maven-surefire-plugin/xsd/surefire-test-report.xsd" name="TestSuite" time="18.225" tests="6" errors="0" skipped="0" failures="1">
  <properties>
[...]
</properties>
  <testcase name="getAccessToken" classname="EC_Negative_TestCase.TC001_AccessTokenTest" time="8.456">
    <failure message="1 expectation failed.&#10;Expected status code &lt;201&gt; but was &lt;200&gt;.&#10;" type="java.lang.AssertionError"><![CDATA[java.lang.AssertionError: 
1 expectation failed.
Expected status code <201> but was <200>.

	at EC_Negative_TestCase.TC001_AccessTokenTest.getAccessToken(TC001_AccessTokenTest.java:34)
]]></failure>
    <system-out><![CDATA[HTTP/1.1 200 OK
Date: Fri, 24 Feb 2023 04:47:49 GMT
Server: Apache/2.4.41 (Ubuntu)
Content-Security-Policy: default-src 'self';base-uri 'self';block-all-mixed-content;font-src 'self' https: data:;frame-ancestors 'self';img-src 'self' data:;object-src 'none';script-src 'self';script-src-attr 'none';style-src 'self' https: 'unsafe-inline';upgrade-insecure-requests
X-DNS-Prefetch-Control: off
Expect-CT: max-age=0
X-Frame-Options: SAMEORIGIN
Strict-Transport-Security: max-age=15552000; includeSubDomains
X-Download-Options: noopen
X-Content-Type-Options: nosniff
X-Permitted-Cross-Domain-Policies: none
Referrer-Policy: no-referrer
X-XSS-Protection: 0
Access-Control-Allow-Origin: *
Content-Type: application/json; charset=utf-8
Content-Length: 371
ETag: W/"173-hESPfW3jAdB4oZyFbGNZceiwe2o"
Vary: Accept-Encoding
Keep-Alive: timeout=5, max=100
Connection: Keep-Alive

{
    "token": "eyJhbGciOiJIUzI1NiIsInR5cCI6IkpXVCJ9.eyJfaWQiOiI2M2FiZGQ2MTAzODQxZTljOWE2MjhiNDUiLCJ1c2VyRW1haWwiOiJtYW5hbGkua3Vsa2FybmlAY29nbml3aXplLmNvbSIsInVzZXJNb2JpbGUiOjg4ODg4OTgxNTYsInVzZXJSb2xlIjoiY3VzdG9tZXIiLCJpYXQiOjE2NzcyMTQwNjksImV4cCI6MTcwODc3MTY2OX0.6m36xHK3OtJ6wvuwIPezItzHtQxXTAQb55GZNz4OiCc",
    "userId": "63abdd6103841e9c9a628b45",
    "message": "Login Successfully"
}
]]></system-out>
    <system-err><![CDATA[SLF4J: Failed to load class "org.slf4j.impl.StaticLoggerBinder".
SLF4J: Defaulting to no-operation (NOP) logger implementation
SLF4J: See http://www.slf4j.org/codes.html#StaticLoggerBinder for further details.
]]></system-err>
  </testcase>
  <testcase name="getAccessToken" classname="EC_Positive_TestCase.TC001_AccessTokenTest" time="3.485"/>
  <testcase name="createProduct" classname="EC_Positive_TestCase.TC002_CreateProductTest" time="0.918"/>
  <testcase name="createOrder" classname="EC_Positive_TestCase.TC003_CreateOrderTest" time="2.091"/>
  <testcase name="viewOrderDetails" classname="EC_Positive_TestCase.TC004_ViewOrderTest" time="0.001"/>
  <testcase name="deleteProduct" classname="EC_Positive_TestCase.TC005_DeleteProductTest" time="0.001"/>
</testsuite>